<?xml version="1.0" encoding="UTF-8"?>
<!-- Generated by org.testng.reporters.JUnitReportReporter -->
<testsuite hostname="Sagar" failures="0" tests="1" name="com.tbe.driver.Driver" time="3.706" errors="0" timestamp="2024-07-01T00:46:17 IST" skipped="0">
  <testcase classname="com.tbe.driver.Driver" name="initializeDriver" time="3.706"/>
</testsuite> <!-- com.tbe.driver.Driver -->
